2014-08-29 15:52:12|   0.1|  0.1|INFORM|FME 2014 SP3 Beta (20140630 - Build 14361 - WIN32)
2014-08-29 15:52:12|   0.1|  0.0|INFORM|FME_HOME is 'C:\apps\FME\'
2014-08-29 15:52:12|   0.1|  0.0|INFORM|FME Oracle Edition (node locked-crc)
2014-08-29 15:52:12|   0.1|  0.0|INFORM|Serial Number: F103420
2014-08-29 15:52:12|   0.1|  0.0|INFORM|Permanent License.
2014-08-29 15:52:12|   0.1|  0.0|INFORM|Machine host name is: C1200048
2014-08-29 15:52:12|   0.1|  0.0|INFORM|START - ProcessID: 8804, peak process memory usage: 47732 kB, current process memory usage: 47732 kB
2014-08-29 15:52:12|   0.1|  0.0|INFORM|FME Configuration: Command line arguments are `C:\apps\FME\fme.exe' `D:/MyFme/2SAFE/AtomTest/FMEFeedReader\wb-xlate-1409320329469_14044' `LOG_STANDARDOUT' `YES' `LogCount' `C:\Tmp\wb-xlate-counts-1409320331908_14044'
2014-08-29 15:52:12|   0.2|  0.1|INFORM|Shared directories for formats are : C:\Users\pelau\Documents\FME\Formats;C:\apps\FME\datasources;D:\FMESharedRes\Formats
2014-08-29 15:52:12|   0.2|  0.0|INFORM|Shared directories for transformers are : C:\Users\pelau\Documents\FME\Transformers;C:\apps\FME\transformers;D:\FMESharedRes\Transformers;C:\Users\pelau\AppData\Roaming\Safe Software\FME\FME Store\Transformers
2014-08-29 15:52:12|   0.2|  0.0|INFORM|Shared directories for coordinate systems are : C:\Users\pelau\Documents\FME\CoordinateSystems;D:\FMESharedRes\CoordinateSystems
2014-08-29 15:52:12|   0.2|  0.0|INFORM|Shared directories for coordinate system exceptions are : C:\Users\pelau\Documents\FME\CoordinateSystemExceptions;D:\FMESharedRes\CoordinateSystemExceptions
2014-08-29 15:52:12|   0.2|  0.0|INFORM|Shared directories for coordinate system grid overrides are : D:\FMESharedRes\CoordinateSystemGridOverrides;C:\Users\pelau\Documents\FME\CoordinateSystemGridOverrides
2014-08-29 15:52:12|   0.2|  0.0|INFORM|Shared directories for CS-MAP transformation exceptions are : C:\Users\pelau\Documents\FME\CsmapTransformationExceptions;D:\FMESharedRes\CsmapTransformationExceptions
2014-08-29 15:52:12|   0.2|  0.0|INFORM|Shared directories for transformer categories are : C:\Users\pelau\Documents\FME\TransformerCategories;D:\FMESharedRes\TransformerCategories
2014-08-29 15:52:12|   0.2|  0.0|INFORM|FME Configuration: Reader Keyword is `GEORSS_1'
2014-08-29 15:52:12|   0.2|  0.0|INFORM|FME Configuration: Writer Keyword is `MULTI_WRITER'
2014-08-29 15:52:12|   0.2|  0.0|INFORM|FME Configuration: Writer Group Definition Keyword is `MULTI_WRITER_DEF'
2014-08-29 15:52:12|   0.2|  0.0|INFORM|FME Configuration: Reader type is `GEORSS'
2014-08-29 15:52:12|   0.2|  0.0|INFORM|FME Configuration: Writer type is `MULTI_WRITER'
2014-08-29 15:52:12|   0.2|  0.0|INFORM|FME Configuration: No destination coordinate system set
2014-08-29 15:52:12|   0.2|  0.0|INFORM|FME Configuration: Current working directory is `D:\MyFme\2SAFE\AtomTest\FMEFeedReader'
2014-08-29 15:52:12|   0.2|  0.0|INFORM|FME Configuration: Temporary directory is `C:\Tmp'
2014-08-29 15:52:12|   0.2|  0.0|INFORM|FME Configuration: FME_HOME is `C:\apps\FME\'
2014-08-29 15:52:12|   0.2|  0.0|INFORM|FME Configuration: FME_BASE is 'no'
2014-08-29 15:52:12|   0.2|  0.0|INFORM|FME Configuration: FME_MF_DIR is 'D:\MyFme\2SAFE\AtomTest\FMEFeedReader/'
2014-08-29 15:52:12|   0.2|  0.0|INFORM|FME Configuration: FME_MF_NAME is 'atomMinimaksGeom.fmw'
2014-08-29 15:52:12|   0.2|  0.0|INFORM|FME Configuration: FME_PRODUCT_NAME is 'FME(R) 2014 SP3'
2014-08-29 15:52:12|   0.2|  0.0|INFORM|System Status: 37038MB of disk space available in the FME temporary directory (C:\Tmp\)
2014-08-29 15:52:12|   0.2|  0.0|INFORM|System Status: 3908MB of virtual memory available
2014-08-29 15:52:12|   0.2|  0.0|INFORM|Operating System: Microsoft Windows 7 64-bit Service Pack 1 (Build 7601)
2014-08-29 15:52:12|   0.2|  0.0|INFORM|FME Platform: WIN32
2014-08-29 15:52:12|   0.2|  0.0|INFORM|Locale: da_DK
2014-08-29 15:52:12|   0.2|  0.0|INFORM|Code Page: 1252  (ANSI - latin I)
2014-08-29 15:52:12|   0.2|  0.0|INFORM|FME Configuration: Process limit is 4095 MB (out of 8183 MB physical memory and 4095 MB address space)
2014-08-29 15:52:12|   0.2|  0.0|INFORM|FME Configuration: Start freeing memory when process usage exceeds 2895 MB of memory or 3495 MB of address space
2014-08-29 15:52:12|   0.2|  0.0|INFORM|FME Configuration: Stop freeing memory when process usage is below 2171 MB of memory and 2621 MB of address space
2014-08-29 15:52:12|   0.2|  0.0|INFORM|FME Configuration: Autodetermining optimal maximum number of objects in memory
2014-08-29 15:52:12|   0.2|  0.1|INFORM|Trying to find a DYNAMIC plugin for reader named `GEORSS'
2014-08-29 15:52:12|   0.3|  0.0|INFORM|Loaded module 'GEORSS' from file 'C:\apps\FME\plugins/GEORSS.dll'
2014-08-29 15:52:12|   0.3|  0.0|INFORM|FME API version of module 'GEORSS' matches current internal version (3.7 20140327)
2014-08-29 15:52:12|   0.3|  0.0|INFORM|The reader is running in normal mode.  Every feature will be processed, and no feed or entry information will be saved
2014-08-29 15:52:12|   0.3|  0.0|INFORM|Opening the GeoRSS reader with dataset name `http://download.kortforsyningen.dk/sites/default/files/feeds/MATRIKELKORT_GML.xml'
2014-08-29 15:52:12|   0.3|  0.0|INFORM|Received HTTP response header: 'HTTP/1.1 200 OK'
2014-08-29 15:52:12|   0.3|  0.0|INFORM|Received HTTP response header: 'Date: Fri, 29 Aug 2014 13:52:12 GMT'
2014-08-29 15:52:12|   0.3|  0.0|INFORM|Received HTTP response header: 'Server: Apache/2.2.15 (Red Hat)'
2014-08-29 15:52:12|   0.3|  0.0|INFORM|Received HTTP response header: 'Last-Modified: Fri, 29 Aug 2014 00:35:04 GMT'
2014-08-29 15:52:12|   0.3|  0.0|INFORM|Received HTTP response header: 'ETag: "c16b1-97e5fc-501b9d30097c4"'
2014-08-29 15:52:12|   0.3|  0.0|INFORM|Received HTTP response header: 'Accept-Ranges: bytes'
2014-08-29 15:52:12|   0.3|  0.0|INFORM|Received HTTP response header: 'Content-Length: 9954812'
2014-08-29 15:52:12|   0.3|  0.0|INFORM|Received HTTP response header: 'Content-Type: text/xml'
2014-08-29 15:52:12|   0.3|  0.0|INFORM|HTTP/FTP Transfer: Downloading resource 'http://download.kortforsyningen.dk/sites/default/files/feeds/MATRIKELKORT_GML.xml' to local file 'C:\Tmp\FME_1409320332690_8804'
2014-08-29 15:52:12|   0.3|  0.0|INFORM|HTTP/FTP response - so far received: 1.02 MB
2014-08-29 15:52:12|   0.3|  0.0|INFORM|HTTP/FTP response - so far received: 2.03 MB
2014-08-29 15:52:12|   0.3|  0.0|INFORM|HTTP/FTP response - so far received: 3.03 MB
2014-08-29 15:52:12|   0.3|  0.0|INFORM|HTTP/FTP response - so far received: 4.03 MB
2014-08-29 15:52:12|   0.4|  0.0|INFORM|HTTP/FTP response - so far received: 5.04 MB
2014-08-29 15:52:12|   0.4|  0.0|INFORM|HTTP/FTP response - so far received: 6.05 MB
2014-08-29 15:52:12|   0.4|  0.0|INFORM|HTTP/FTP response - so far received: 7.05 MB
2014-08-29 15:52:12|   0.4|  0.0|INFORM|HTTP/FTP response - so far received: 8.05 MB
2014-08-29 15:52:12|   0.4|  0.0|INFORM|HTTP/FTP response - so far received: 9.05 MB
2014-08-29 15:52:12|   0.4|  0.0|INFORM|HTTP transfer summary - status code: 200, download size: '9954812 bytes', DNS lookup time: '0.015 seconds', total transfer time: '0.312 seconds', url: 'http://download.kortforsyningen.dk/sites/default/files/feeds/MATRIKELKORT_GML.xml'
2014-08-29 15:52:12|   0.4|  0.0|INFORM|The feed at http://download.kortforsyningen.dk/sites/default/files/feeds/MATRIKELKORT_GML.xml has been downloaded to: C:\Tmp\FME_1409320332690_8804
2014-08-29 15:52:24|  11.8| 11.4|INFORM|Using MultiWriter $Revision: 59162 $ ( $Date: 2009-04-07 10:04:59 -0700 (Tue, 07 Apr 2009) $ ) with keyword `MULTI_WRITER' to output data (ID_ATTRIBUTE is `multi_writer_id')
2014-08-29 15:52:24|  11.8|  0.0|INFORM|Writer output will be ordered by value of multi_writer_id
2014-08-29 15:52:24|  11.8|  0.0|INFORM|TCL: rutiner til unzipning med 7zip Version 2.0 d. 20. maj 2014
2014-08-29 15:52:24|  11.8|  0.0|INFORM|Loaded module 'LogCount_func' from file 'C:\apps\FME\plugins/LogCount_func.dll'
2014-08-29 15:52:24|  11.8|  0.0|INFORM|FME API version of module 'LogCount_func' matches current internal version (3.7 20140327)
2014-08-29 15:52:24|  11.8|  0.0|INFORM|Loaded module 'Geometry_func' from file 'C:\apps\FME\plugins/Geometry_func.dll'
2014-08-29 15:52:24|  11.8|  0.0|INFORM|FME API version of module 'Geometry_func' matches current internal version (3.7 20140327)
2014-08-29 15:52:24|  11.8|  0.0|INFORM|Loaded module 'QueryFactory' from file 'C:\apps\FME\plugins/QueryFactory.dll'
2014-08-29 15:52:24|  11.8|  0.0|INFORM|FME API version of module 'QueryFactory' matches current internal version (3.7 20140327)
2014-08-29 15:52:24|  11.9|  0.0|INFORM|Loaded module 'EvaluateExpression_func' from file 'C:\apps\FME\plugins/EvaluateExpression_func.dll'
2014-08-29 15:52:24|  11.9|  0.0|INFORM|FME API version of module 'EvaluateExpression_func' matches current internal version (3.7 20140327)
2014-08-29 15:52:24|  11.9|  0.0|INFORM|Loaded module 'HTTPFactory' from file 'C:\apps\FME\plugins/HTTPFactory.dll'
2014-08-29 15:52:24|  11.9|  0.0|INFORM|FME API version of module 'HTTPFactory' matches current internal version (3.7 20140327)
2014-08-29 15:52:24|  11.9|  0.0|INFORM|FME API version of module 'QueryFactory' matches current internal version (3.7 20140327)
2014-08-29 15:52:24|  11.9|  0.0|INFORM|FME Configuration: Source coordinate system for reader GEORSS_1[GEORSS] set to `EPSG:25832' as read from input data
2014-08-29 15:52:24|  12.0|  0.2|INFORM|Coordinate System `EPSG:25832' parameters: CS_NAME=`ETRS89.UTM-32N' DESC_NM=`Transverse Mercator (ETRS89-TM32)' DT_NAME=`ETRS89/01' GROUP=`UTMN' MAP_SCL=`1' MAX_LAT=`66.45' MAX_LNG=`12.8666666666667' MIN_LAT=`57.1166666666667' MIN_LNG=`4.18333333333333' PARM1=`9' PROJ=`TM' QUAD=`1' SCL_RED=`0.9996' SOURCE=`EPSG, V6.3, 25832 [Large and medium scale topographic mappi]' UNIT=`Meter' X_OFF=`500000' Y_OFF=`0.0' ZERO_X=`0.0001' ZERO_Y=`0.0001' 
2014-08-29 15:52:24|  12.1|  0.1|INFORM|FeatureReader(QueryFactory): Performing query against FFS dataset `D:/MyFme/2SAFE/AtomTest/FMEFeedReader/data/test.ffs'
2014-08-29 15:52:24|  12.1|  0.0|INFORM|Using FFS Reader $Revision: 111206 $ ( $Date: 2013-10-17 15:15:31 -0700 (Thu, 17 Oct 2013) $ ) to read features from FME Feature Stores in directory `D:\MyFme\2SAFE\AtomTest\FMEFeedReader\data\'
2014-08-29 15:52:24|  12.1|  0.0|STATS |Restoring 3 feature(s) from FME feature store file `D:\MyFme\2SAFE\AtomTest\FMEFeedReader\data\test.ffs'
2014-08-29 15:52:24|  12.1|  0.0|INFORM|FME Configuration: Source coordinate system for reader R_2[FFS] set to `ETRS89.UTM-32N' as read from input data
2014-08-29 15:52:24|  12.1|  0.0|INFORM|Coordinate System `ETRS89.UTM-32N' parameters: CS_NAME=`ETRS89.UTM-32N' DESC_NM=`Transverse Mercator (ETRS89-TM32)' DT_NAME=`ETRS89/01' GROUP=`UTMN' MAP_SCL=`1' MAX_LAT=`66.45' MAX_LNG=`12.8666666666667' MIN_LAT=`57.1166666666667' MIN_LNG=`4.18333333333333' PARM1=`9' PROJ=`TM' QUAD=`1' SCL_RED=`0.9996' SOURCE=`EPSG, V6.3, 25832 [Large and medium scale topographic mappi]' UNIT=`Meter' X_OFF=`500000' Y_OFF=`0.0' ZERO_X=`0.0001' ZERO_Y=`0.0001' 
2014-08-29 15:52:24|  12.1|  0.0|STATS |Storing feature(s) to FME feature store file `C:\Tmp\atomMinimaksGeom_155212\inspector.ffs'
2014-08-29 15:52:24|  12.1|  0.0|STATS |Storing feature(s) to FME feature store file `C:\Tmp\atomMinimaksGeom_155212\inspector.fsc'
2014-08-29 15:52:25|  12.5|  0.4|INFORM|Reading source feature # 2500
2014-08-29 15:52:25|  12.8|  0.3|INFORM|Reading source feature # 5000
2014-08-29 15:52:26|  13.2|  0.4|INFORM|Reading source feature # 7500
2014-08-29 15:52:26|  13.4|  0.2|INFORM|Logger: Feature is:
2014-08-29 15:52:26|  13.4|  0.0|INFORM|+++++++++++++++++++++++++++++++++++++++++++++++++++++++++++++++++++++++++++
2014-08-29 15:52:26|  13.4|  0.0|INFORM|Feature Type: `Logger_LOGGED'
2014-08-29 15:52:26|  13.4|  0.0|INFORM|Attribute(encoded: utf-16): `Author' has value `Geodatastyrelsens Kortforsyning'
2014-08-29 15:52:26|  13.4|  0.0|INFORM|Attribute(encoded: utf-16): `AuthorEmail' has value `gstlif@gst.dk'
2014-08-29 15:52:26|  13.4|  0.0|INFORM|Attribute(encoded: utf-16): `AuthorURI' has value `http://support.kortforsyningen.dk/'
2014-08-29 15:52:26|  13.4|  0.0|INFORM|Attribute(encoded: utf-8) : `Copyright' has value `Distribueres i henhold til aftalen om Frie geografiske data'
2014-08-29 15:52:26|  13.4|  0.0|INFORM|Attribute(string)         : `CopyrightType' has value `text'
2014-08-29 15:52:26|  13.4|  0.0|INFORM|Attribute(encoded: utf-8) : `Description' has value `Matrikelkortet viser ejendomsforholdene i Danmark. Kortet viser hvordan ejendomsskellene er placeret i forhold til hinanden, data ajourføres dagligt på baggrund af oplysninger fra privatpraktiserende landinspektører.'
2014-08-29 15:52:26|  13.4|  0.0|INFORM|Attribute(string)         : `DescriptionType' has value `text'
2014-08-29 15:52:26|  13.4|  0.0|INFORM|Attribute(encoded: utf-16): `Generator' has value `GST, FME atom applikation'
2014-08-29 15:52:26|  13.4|  0.0|INFORM|Attribute(encoded: utf-16): `GeneratorVersion' has value `1.0'
2014-08-29 15:52:26|  13.4|  0.0|INFORM|Attribute(encoded: utf-16): `Id' has value `http://download.kortforsyningen.dk/sites/default/files/feeds/MATRIKELKORT_GML.xml'
2014-08-29 15:52:26|  13.4|  0.0|INFORM|Attribute(encoded: utf-16): `LastUpdate' has value `2014-08-29T02:29:30+02:00'
2014-08-29 15:52:26|  13.4|  0.0|INFORM|Attribute(encoded: utf-16): `LinkRelation' has value `self'
2014-08-29 15:52:26|  13.4|  0.0|INFORM|Attribute(encoded: utf-16): `LinkTitle' has value `Dette dokument'
2014-08-29 15:52:26|  13.4|  0.0|INFORM|Attribute(encoded: utf-16): `LinkType' has value `application/atom+xml'
2014-08-29 15:52:26|  13.4|  0.0|INFORM|Attribute(encoded: utf-16): `LinkURI' has value `http://download.kortforsyningen.dk/sites/default/files/feeds/MATRIKELKORT_GML.xml'
2014-08-29 15:52:26|  13.4|  0.0|INFORM|Attribute(encoded: utf-16): `Link{0}.Relation' has value `self'
2014-08-29 15:52:26|  13.4|  0.0|INFORM|Attribute(encoded: utf-16): `Link{0}.Title' has value `Dette dokument'
2014-08-29 15:52:26|  13.4|  0.0|INFORM|Attribute(encoded: utf-16): `Link{0}.Type' has value `application/atom+xml'
2014-08-29 15:52:26|  13.4|  0.0|INFORM|Attribute(encoded: utf-16): `Link{0}.URI' has value `http://download.kortforsyningen.dk/sites/default/files/feeds/MATRIKELKORT_GML.xml'
2014-08-29 15:52:26|  13.4|  0.0|INFORM|Attribute(encoded: utf-16): `Link{1}.Relation' has value `describedby'
2014-08-29 15:52:26|  13.4|  0.0|INFORM|Attribute(encoded: utf-16): `Link{1}.Title' has value `ISO19139 Dataset Metadata'
2014-08-29 15:52:26|  13.4|  0.0|INFORM|Attribute(encoded: utf-16): `Link{1}.Type' has value `application/xml'
2014-08-29 15:52:26|  13.4|  0.0|INFORM|Attribute(encoded: utf-16): `Link{1}.URI' has value `http://www.geodata-info.dk/Portal/MetadataXML.ashx?id=1bbc1ecf-fe3d-4a28-aace-e614aabfd71d'
2014-08-29 15:52:26|  13.4|  0.0|INFORM|Attribute(encoded: utf-16): `Link{2}.Relation' has value `describedby'
2014-08-29 15:52:26|  13.4|  0.0|INFORM|Attribute(encoded: utf-16): `Link{2}.Title' has value `GST Frie data'
2014-08-29 15:52:26|  13.4|  0.0|INFORM|Attribute(encoded: utf-16): `Link{2}.Type' has value `text/html'
2014-08-29 15:52:26|  13.4|  0.0|INFORM|Attribute(encoded: utf-16): `Link{2}.URI' has value `http://download.kortforsyningen.dk/content/vilkaar-og-betingelser'
2014-08-29 15:52:26|  13.4|  0.0|INFORM|Attribute(encoded: utf-8) : `Title' has value `Det digitale matrikelkort'
2014-08-29 15:52:26|  13.4|  0.0|INFORM|Attribute(string)         : `TitleType' has value `text'
2014-08-29 15:52:26|  13.4|  0.0|INFORM|Attribute(string)         : `Version' has value `Atom 1.0'
2014-08-29 15:52:26|  13.4|  0.0|INFORM|Attribute(string)         : `fme_basename' has value `MATRIKELKORT_GML'
2014-08-29 15:52:26|  13.4|  0.0|INFORM|Attribute(string)         : `fme_dataset' has value `http://download.kortforsyningen.dk/sites/default/files/feeds/MATRIKELKORT_GML.xml'
2014-08-29 15:52:26|  13.4|  0.0|INFORM|Attribute(string)         : `fme_feature_type' has value `Feed'
2014-08-29 15:52:26|  13.4|  0.0|INFORM|Attribute(string)         : `fme_geometry' has value `fme_polygon'
2014-08-29 15:52:26|  13.4|  0.0|INFORM|Attribute(string)         : `fme_type' has value `fme_area'
2014-08-29 15:52:26|  13.4|  0.0|INFORM|Attribute(string)         : `georss_type' has value `georss_area'
2014-08-29 15:52:26|  13.4|  0.0|INFORM|Attribute: `Link{0}.Relation' is sequenced
2014-08-29 15:52:26|  13.4|  0.0|INFORM|Attribute: `Link{1}.Relation' is sequenced
2014-08-29 15:52:26|  13.4|  0.0|INFORM|Attribute: `Link{2}.Relation' is sequenced
2014-08-29 15:52:26|  13.4|  0.0|INFORM|Attribute: `Link{0}.URI' is sequenced
2014-08-29 15:52:26|  13.4|  0.0|INFORM|Attribute: `Link{1}.URI' is sequenced
2014-08-29 15:52:26|  13.4|  0.0|INFORM|Attribute: `Link{2}.URI' is sequenced
2014-08-29 15:52:26|  13.4|  0.0|INFORM|Attribute: `Link{0}.Type' is sequenced
2014-08-29 15:52:26|  13.4|  0.0|INFORM|Attribute: `Link{1}.Type' is sequenced
2014-08-29 15:52:26|  13.4|  0.0|INFORM|Attribute: `Link{2}.Type' is sequenced
2014-08-29 15:52:26|  13.4|  0.0|INFORM|Attribute: `Link{0}.Title' is sequenced
2014-08-29 15:52:26|  13.4|  0.0|INFORM|Attribute: `Link{1}.Title' is sequenced
2014-08-29 15:52:26|  13.4|  0.0|INFORM|Attribute: `Link{2}.Title' is sequenced
2014-08-29 15:52:26|  13.4|  0.0|INFORM|Coordinate System: `EPSG:25832'
2014-08-29 15:52:26|  13.4|  0.0|INFORM|Geometry Type: IFMEPolygon
2014-08-29 15:52:26|  13.4|  0.0|INFORM|Boundary:
2014-08-29 15:52:26|  13.4|  0.0|INFORM|   Geometry Type: IFMELine
2014-08-29 15:52:26|  13.4|  0.0|INFORM|   Number of Coordinates: 5 -- Coordinate Dimension: 2
2014-08-29 15:52:26|  13.4|  0.0|INFORM|   (441568,6049782)(892725,6049782)(892725,6402037)(441568,6402037)(441568,6049782)
2014-08-29 15:52:26|  13.4|  0.0|INFORM|===========================================================================
2014-08-29 15:52:26|  13.4|  0.0|INFORM|Emptying factory pipeline
2014-08-29 15:52:26|  13.4|  0.0|STATS |Unexpected Input Remover(TestFactory): Tested 9034 input feature(s) -- 9034 feature(s) passed and 0 feature(s) failed
2014-08-29 15:52:26|  13.4|  0.0|STATS |Unexpected Input Remover Nuker(TeeFactory): Cloned 0 input feature(s) into 0 output feature(s)
2014-08-29 15:52:26|  13.4|  0.0|STATS |Source -> Generic(TeeFactory): Cloned 9034 input feature(s) into 9034 output feature(s)
2014-08-29 15:52:26|  13.4|  0.0|STATS |Feed (GEORSS_1) Splitter(TeeFactory): Cloned 1 input feature(s) into 2 output feature(s)
2014-08-29 15:52:26|  13.4|  0.0|STATS |Feed_0_/xko5dKbzv0= Feature Counter -1 42(TeeFactory): Cloned 1 input feature(s) into 1 output feature(s)
2014-08-29 15:52:26|  13.4|  0.0|STATS |Feed_1_/xko5dKbzv0= Feature Counter -1 32(TeeFactory): Cloned 1 input feature(s) into 1 output feature(s)
2014-08-29 15:52:26|  13.4|  0.0|STATS |Entry (GEORSS_1) Splitter(TeeFactory): Cloned 9033 input feature(s) into 18066 output feature(s)
2014-08-29 15:52:26|  13.4|  0.0|STATS |Entry_0_GRcunkf+5BA= Feature Counter -1 105(TeeFactory): Cloned 9033 input feature(s) into 9033 output feature(s)
2014-08-29 15:52:26|  13.4|  0.0|STATS |Entry_1_GRcunkf+5BA= Feature Counter -1 40(TeeFactory): Cloned 9033 input feature(s) into 9033 output feature(s)
2014-08-29 15:52:26|  13.4|  0.0|STATS |Creator_2_XML_Creator(CreationFactory): Created 1 features
2014-08-29 15:52:26|  13.4|  0.0|STATS |Creator_2_Cloner(TeeFactory): Cloned 1 input feature(s) into 1 output feature(s)
2014-08-29 15:52:26|  13.4|  0.0|STATS |Creator_2_CREATED Feature Counter -1 45(TeeFactory): Cloned 1 input feature(s) into 1 output feature(s)
2014-08-29 15:52:26|  13.4|  0.0|STATS |FeatureReader_GeometryRemover(TeeFactory): Cloned 1 input feature(s) into 1 output feature(s)
2014-08-29 15:52:26|  13.4|  0.0|STATS |FeatureReader MitOmraade Splitter(TeeFactory): Cloned 3 input feature(s) into 6 output feature(s)
2014-08-29 15:52:26|  13.4|  0.0|STATS |FeatureReader <OTHER> Output Nuker(TeeFactory): Cloned 0 input feature(s) into 0 output feature(s)
2014-08-29 15:52:26|  13.4|  0.0|STATS |FeatureReader INITIATOR Output Nuker(TeeFactory): Cloned 1 input feature(s) into 0 output feature(s)
2014-08-29 15:52:26|  13.4|  0.0|STATS |FeatureReader_MitOmraade_0_tkypZi0gyL0= Feature Counter -1 35(TeeFactory): Cloned 3 input feature(s) into 3 output feature(s)
2014-08-29 15:52:26|  13.4|  0.0|STATS |FeatureReader_MitOmraade_1_tkypZi0gyL0= Feature Counter -1 34(TeeFactory): Cloned 3 input feature(s) into 3 output feature(s)
2014-08-29 15:52:26|  13.4|  0.0|STATS |MyArea_DirCreator(CreationFactory): Created 1 features
2014-08-29 15:52:26|  13.4|  0.0|STATS |MyArea_DirCreatorCleanerUpper(TeeFactory): Cloned 1 input feature(s) into 0 output feature(s)
2014-08-29 15:52:26|  13.4|  0.0|STATS |MyArea_FeatureDirector(TestFactory): Tested 3 input feature(s) -- 0 feature(s) passed and 3 feature(s) failed
2014-08-29 15:52:26|  13.4|  0.0|STATS |MyArea___FeatureDirector1(TestFactory): Tested 3 input feature(s) -- 0 feature(s) passed and 3 feature(s) failed
2014-08-29 15:52:26|  13.4|  0.0|STATS |MyArea_VectorSetterUpper(TeeFactory): Cloned 3 input feature(s) into 3 output feature(s)
2014-08-29 15:52:26|  13.4|  0.0|STATS |MyArea___PointCloudThinner(TeeFactory): Cloned 0 input feature(s) into 0 output feature(s)
2014-08-29 15:52:26|  13.4|  0.0|STATS |MyArea_RasterSetterUpper(TeeFactory): Cloned 0 input feature(s) into 0 output feature(s)
2014-08-29 15:52:26|  13.4|  0.0|INFORM|MyArea_Recorder(RecorderFactory): Recorded 3 feature(s) to file `C:\Tmp\atomMinimaksGeom_155212\inspector.ffs'
2014-08-29 15:52:26|  13.4|  0.0|STATS |xxAlle_DirCreator(CreationFactory): Created 1 features
2014-08-29 15:52:26|  13.4|  0.0|STATS |xxAlle_DirCreatorCleanerUpper(TeeFactory): Cloned 1 input feature(s) into 0 output feature(s)
2014-08-29 15:52:26|  13.4|  0.0|STATS |xxAlle_FeatureDirector(TestFactory): Tested 9033 input feature(s) -- 0 feature(s) passed and 9033 feature(s) failed
2014-08-29 15:52:26|  13.4|  0.0|STATS |xxAlle___FeatureDirector1(TestFactory): Tested 9033 input feature(s) -- 0 feature(s) passed and 9033 feature(s) failed
2014-08-29 15:52:26|  13.4|  0.0|STATS |xxAlle_VectorSetterUpper(TeeFactory): Cloned 9033 input feature(s) into 9033 output feature(s)
2014-08-29 15:52:26|  13.4|  0.0|STATS |xxAlle___PointCloudThinner(TeeFactory): Cloned 0 input feature(s) into 0 output feature(s)
2014-08-29 15:52:26|  13.4|  0.0|STATS |xxAlle_RasterSetterUpper(TeeFactory): Cloned 0 input feature(s) into 0 output feature(s)
2014-08-29 15:52:26|  13.4|  0.0|INFORM|xxAlle_Recorder(RecorderFactory): Recorded 9033 feature(s) to file `C:\Tmp\atomMinimaksGeom_155212\inspector.ffs'
2014-08-29 15:52:26|  13.4|  0.0|STATS |Tester(TestFactory): Tested 9033 input feature(s) -- 55 feature(s) passed and 8978 feature(s) failed
2014-08-29 15:52:26|  13.4|  0.0|STATS |Tester PASSED Splitter(TeeFactory): Cloned 55 input feature(s) into 110 output feature(s)
2014-08-29 15:52:26|  13.4|  0.0|STATS |Tester_PASSED_0_Vyka/YsBh1U= Feature Counter -1 66(TeeFactory): Cloned 55 input feature(s) into 55 output feature(s)
2014-08-29 15:52:26|  13.4|  0.0|STATS |Tester_PASSED_1_Vyka/YsBh1U= Feature Counter -1 44(TeeFactory): Cloned 55 input feature(s) into 55 output feature(s)
2014-08-29 15:52:26|  13.4|  0.0|STATS |Opdateret_DirCreator(CreationFactory): Created 1 features
2014-08-29 15:52:26|  13.4|  0.0|STATS |Opdateret_DirCreatorCleanerUpper(TeeFactory): Cloned 1 input feature(s) into 0 output feature(s)
2014-08-29 15:52:26|  13.4|  0.0|STATS |Opdateret_FeatureDirector(TestFactory): Tested 55 input feature(s) -- 0 feature(s) passed and 55 feature(s) failed
2014-08-29 15:52:26|  13.4|  0.0|STATS |Opdateret___FeatureDirector1(TestFactory): Tested 55 input feature(s) -- 0 feature(s) passed and 55 feature(s) failed
2014-08-29 15:52:26|  13.4|  0.0|STATS |Opdateret_VectorSetterUpper(TeeFactory): Cloned 55 input feature(s) into 55 output feature(s)
2014-08-29 15:52:26|  13.4|  0.0|STATS |Opdateret___PointCloudThinner(TeeFactory): Cloned 0 input feature(s) into 0 output feature(s)
2014-08-29 15:52:26|  13.4|  0.0|STATS |Opdateret_RasterSetterUpper(TeeFactory): Cloned 0 input feature(s) into 0 output feature(s)
2014-08-29 15:52:26|  13.4|  0.0|INFORM|Opdateret_Recorder(RecorderFactory): Recorded 55 feature(s) to file `C:\Tmp\atomMinimaksGeom_155212\inspector.ffs'
2014-08-29 15:52:26|  13.4|  0.0|INFORM|insertUserPass
2014-08-29 15:52:26|  13.4|  0.0|INFORM|+++++++++++++++++++++++++++++++++++++++++++++++++++++++++++++++++++++++++++
2014-08-29 15:52:26|  13.4|  0.0|INFORM|Feature Type: `TclCaller_4_OUTPUT'
2014-08-29 15:52:26|  13.4|  0.0|INFORM|Attribute(encoded: utf-16): `Category' has value `Projektion'
2014-08-29 15:52:26|  13.4|  0.0|INFORM|Attribute(encoded: utf-16): `CategoryDomain' has value `http://www.opengis.net/def/crs/'
2014-08-29 15:52:26|  13.4|  0.0|INFORM|Attribute(encoded: utf-16): `CategoryLabel' has value `EPSG:25832'
2014-08-29 15:52:26|  13.4|  0.0|INFORM|Attribute(encoded: utf-16): `Category{0}.Category' has value `Projektion'
2014-08-29 15:52:26|  13.4|  0.0|INFORM|Attribute(encoded: utf-16): `Category{0}.Domain' has value `http://www.opengis.net/def/crs/'
2014-08-29 15:52:26|  13.4|  0.0|INFORM|Attribute(encoded: utf-16): `Category{0}.Label' has value `EPSG:25832'
2014-08-29 15:52:26|  13.4|  0.0|INFORM|Attribute(encoded: utf-16): `Category{1}.Category' has value `Format'
2014-08-29 15:52:26|  13.4|  0.0|INFORM|Attribute(encoded: utf-16): `Category{1}.Domain' has value `'
2014-08-29 15:52:26|  13.4|  0.0|INFORM|Attribute(encoded: utf-16): `Category{1}.Label' has value `GML 3.1.1'
2014-08-29 15:52:26|  13.4|  0.0|INFORM|Attribute(encoded: utf-16): `Category{2}.Category' has value `Admkode'
2014-08-29 15:52:26|  13.4|  0.0|INFORM|Attribute(encoded: utf-16): `Category{2}.Domain' has value `'
2014-08-29 15:52:26|  13.4|  0.0|INFORM|Attribute(encoded: utf-16): `Category{2}.Label' has value `2002855'
2014-08-29 15:52:26|  13.4|  0.0|INFORM|Attribute(encoded: utf-16): `Id' has value `ftp://ftp.kortforsyningen.dk/atomfeeds/MATRIKELKORT/ATOM/GML/2002855_GML_UTM32-EUREF89.zip'
2014-08-29 15:52:26|  13.4|  0.0|INFORM|Attribute(encoded: utf-16): `LastUpdate' has value `2014-08-28T08:18:55+01:00'
2014-08-29 15:52:26|  13.4|  0.0|INFORM|Attribute(encoded: utf-16): `LinkRelation' has value `alternate'
2014-08-29 15:52:26|  13.4|  0.0|INFORM|Attribute(encoded: utf-16): `LinkTitle' has value `Det digitale Matrikelkort: Krukholm, Nakskov Jorder'
2014-08-29 15:52:26|  13.4|  0.0|INFORM|Attribute(encoded: utf-16): `LinkType' has value `application/zip'
2014-08-29 15:52:26|  13.4|  0.0|INFORM|Attribute(encoded: utf-8) : `LinkURI' has value `ftp://atomfeed:atomfe3d@ftp.kortforsyningen.dk/atomfeeds/MATRIKELKORT/ATOM/GML/2002855_GML_UTM32-EUREF89.zip'
2014-08-29 15:52:26|  13.4|  0.0|INFORM|Attribute(encoded: utf-16): `Link{0}.Relation' has value `alternate'
2014-08-29 15:52:26|  13.4|  0.0|INFORM|Attribute(encoded: utf-16): `Link{0}.Title' has value `Det digitale Matrikelkort: Krukholm, Nakskov Jorder'
2014-08-29 15:52:26|  13.4|  0.0|INFORM|Attribute(encoded: utf-16): `Link{0}.Type' has value `application/zip'
2014-08-29 15:52:26|  13.4|  0.0|INFORM|Attribute(encoded: utf-16): `Link{0}.URI' has value `ftp://ftp.kortforsyningen.dk/atomfeeds/MATRIKELKORT/ATOM/GML/2002855_GML_UTM32-EUREF89.zip'
2014-08-29 15:52:26|  13.4|  0.0|INFORM|Attribute(encoded: utf-16): `PublishedDate' has value `2014-08-29T02:26:58+01:00'
2014-08-29 15:52:26|  13.4|  0.0|INFORM|Attribute(encoded: utf-8) : `Summary' has value `Ejerlav: Krukholm, Nakskov Jorder (2002855)  Format: GML 3.1.1 Projektion: Utm zone 32, etrs89 (EPSG:25832) Udtrukket: 2014-08-28T08:18:55+01:00'
2014-08-29 15:52:26|  13.4|  0.0|INFORM|Attribute(encoded: utf-16): `SummaryType' has value `text'
2014-08-29 15:52:26|  13.4|  0.0|INFORM|Attribute(encoded: utf-8) : `Title' has value `Det digitale Matrikelkort: Krukholm, Nakskov Jorder'
2014-08-29 15:52:26|  13.4|  0.0|INFORM|Attribute(string)         : `TitleType' has value `text'
2014-08-29 15:52:26|  13.4|  0.0|INFORM|Attribute(string)         : `fme_basename' has value `MATRIKELKORT_GML'
2014-08-29 15:52:26|  13.4|  0.0|INFORM|Attribute(string)         : `fme_dataset' has value `http://download.kortforsyningen.dk/sites/default/files/feeds/MATRIKELKORT_GML.xml'
2014-08-29 15:52:26|  13.4|  0.0|INFORM|Attribute(string)         : `fme_feature_type' has value `Entry'
2014-08-29 15:52:26|  13.4|  0.0|INFORM|Attribute(string)         : `fme_geometry' has value `fme_polygon'
2014-08-29 15:52:26|  13.4|  0.0|INFORM|Attribute(string)         : `fme_type' has value `fme_area'
2014-08-29 15:52:26|  13.4|  0.0|INFORM|Attribute(string)         : `georss_type' has value `georss_area'
2014-08-29 15:52:26|  13.4|  0.0|INFORM|Attribute: `Link{0}.Relation' is sequenced
2014-08-29 15:52:26|  13.4|  0.0|INFORM|Attribute: `Link{0}.URI' is sequenced
2014-08-29 15:52:26|  13.4|  0.0|INFORM|Attribute: `Link{0}.Type' is sequenced
2014-08-29 15:52:26|  13.4|  0.0|INFORM|Attribute: `Link{0}.Title' is sequenced
2014-08-29 15:52:26|  13.4|  0.0|INFORM|Attribute: `Category{0}.Category' is sequenced
2014-08-29 15:52:26|  13.4|  0.0|INFORM|Attribute: `Category{1}.Category' is sequenced
2014-08-29 15:52:26|  13.4|  0.0|INFORM|Attribute: `Category{2}.Category' is sequenced
2014-08-29 15:52:26|  13.4|  0.0|INFORM|Attribute: `Category{0}.Label' is sequenced
2014-08-29 15:52:26|  13.4|  0.0|INFORM|Attribute: `Category{1}.Label' is sequenced
2014-08-29 15:52:26|  13.4|  0.0|INFORM|Attribute: `Category{2}.Label' is sequenced
2014-08-29 15:52:26|  13.4|  0.0|INFORM|Attribute: `Category{0}.Domain' is sequenced
2014-08-29 15:52:26|  13.4|  0.0|INFORM|Attribute: `Category{1}.Domain' is sequenced
2014-08-29 15:52:26|  13.4|  0.0|INFORM|Attribute: `Category{2}.Domain' is sequenced
2014-08-29 15:52:26|  13.4|  0.0|INFORM|Coordinate System: `EPSG:25832'
2014-08-29 15:52:26|  13.4|  0.0|INFORM|Geometry Type: IFMEPolygon
2014-08-29 15:52:26|  13.4|  0.0|INFORM|Boundary:
2014-08-29 15:52:26|  13.4|  0.0|INFORM|   Geometry Type: IFMELine
2014-08-29 15:52:26|  13.4|  0.0|INFORM|   Number of Coordinates: 5 -- Coordinate Dimension: 2
2014-08-29 15:52:26|  13.4|  0.0|INFORM|   Coordinate output skipped...
2014-08-29 15:52:26|  13.4|  0.0|INFORM|===========================================================================
2014-08-29 15:52:26|  13.4|  0.0|INFORM|Sending request to 'ftp://atomfeed:atomfe3d@ftp.kortforsyningen.dk/atomfeeds/MATRIKELKORT/ATOM/GML/2002855_GML_UTM32-EUREF89.zip'
2014-08-29 15:52:33|  13.4|  0.0|INFORM|HTTP transfer summary - status code: 0, download size: '209092 bytes', DNS lookup time: '0 seconds', total transfer time: '7.675 seconds', url: 'ftp://atomfeed:atomfe3d@ftp.kortforsyningen.dk/atomfeeds/MATRIKELKORT/ATOM/GML/2002855_GML_UTM32-EUREF89.zip'
2014-08-29 15:52:33|  13.4|  0.0|INFORM|D:/MyFme/2SAFE/AtomTest/FMEFeedReader/7zip/resc/7z.exe e D:/MyFme/2SAFE/AtomTest/FMEFeedReader/data/tempData.zip -aoa -oD:/MyFme/2SAFE/AtomTest/FMEFeedReader/temp *.gml -r 2> NUL:
2014-08-29 15:52:34|  13.5|  0.1|INFORM|Trying to find a DYNAMIC plugin for reader named `GML'
2014-08-29 15:52:34|  13.6|  0.1|INFORM|Loaded module 'GML' from file 'C:\apps\FME\plugins/GML.dll'
2014-08-29 15:52:34|  13.6|  0.0|INFORM|FME API version of module 'GML' matches current internal version (3.7 20140327)
2014-08-29 15:52:34|  13.6|  0.0|INFORM|FeatureReader_2(QueryFactory): Performing query against GML dataset `D:/MyFme/2SAFE/AtomTest/FMEFeedReader/temp/MATRIKEL.gml'
2014-08-29 15:52:34|  13.6|  0.0|INFORM|Trying to find a DYNAMIC plugin for reader named `GML'
2014-08-29 15:52:34|  13.6|  0.0|INFORM|FME API version of module 'GML' matches current internal version (3.7 20140327)
2014-08-29 15:52:34|  13.6|  0.0|INFORM|The uri-map document 'C:\apps\FME\xml\urimap\gml_aixm.xml' is being used to map from URI to URI
2014-08-29 15:52:34|  13.6|  0.0|INFORM|The uri-map document 'C:\apps\FME\xml\urimap\gml_citygml.xml' is being used to map from URI to URI
2014-08-29 15:52:34|  13.6|  0.0|INFORM|The uri-map document 'C:\apps\FME\xml\urimap\gml_inspire.xml' is being used to map from URI to URI
2014-08-29 15:52:34|  13.6|  0.0|INFORM|The uri-map document 'C:\apps\FME\xml\urimap\gml_urimap.xml' is being used to map from URI to URI
2014-08-29 15:52:34|  13.6|  0.0|INFORM|URI 'http://schemas.kms.dk/kf_dwl/mat/2014/04/08/MATRIKELKORT.xsd' mapped to 'http://schemas.kms.dk/kf_dwl/mat/2014/04/08/MATRIKELKORT.xsd'
2014-08-29 15:52:34|  13.6|  0.0|INFORM|'http://schemas.kms.dk/kf_dwl/mat/2014/04/08/MATRIKELKORT.xsd' mapped to 'C:\Tmp\FME_XSD_CACHE\fmexsd_1409317750164_8048.xml'
2014-08-29 15:52:34|  13.6|  0.0|INFORM|Parsing schema document 'C:\Tmp\FME_XSD_CACHE\fmexsd_1409317750164_8048.xml' ...
2014-08-29 15:52:34|  13.6|  0.0|INFORM|<R_4 Reader> - Using the current GML 3.2.1 reader to read v3.1.1 and v2.1.2 documents.
2014-08-29 15:52:34|  13.6|  0.0|INFORM|<R_4 Reader> - Map Embedded Object as: 'ATTRIBUTES'
2014-08-29 15:52:34|  13.6|  0.0|INFORM|<R_4 Reader> - Map Predefined Properties: 'NO'
2014-08-29 15:52:34|  13.6|  0.0|INFORM|<R_4 Reader> - Map All Substitutable Properties: 'YES'
2014-08-29 15:52:34|  13.6|  0.0|INFORM|<R_4 Reader> - Map Complex Properties as: 'NESTED_ATTRIBUTES'
2014-08-29 15:52:34|  13.6|  0.0|INFORM|<R_4 Reader> - Add XML Namespace Prefix to Names: 'NO'
2014-08-29 15:52:34|  13.6|  0.0|INFORM|<R_4 Reader> - Limit Number of Lists in Nested Attributes: 'UNSET'
2014-08-29 15:52:34|  13.6|  0.0|INFORM|Using XSD semantics configuration file 'file:///C:/apps/FME/xml/gml_v3.2/gml_config.xml'.
2014-08-29 15:52:34|  13.7|  0.1|INFORM|Pre-processing xfMap 'mem-xfmap-stream-id' with macro stylesheet 'C:\apps\FME\/xfmap/xfmap_macro.xslt'.
2014-08-29 15:52:34|  13.8|  0.1|INFORM|FME Configuration: Source coordinate system for reader R_4[GML] set to `EPSG:25832' as read from input data
2014-08-29 15:52:34|  13.8|  0.0|INFORM|Coordinate System `EPSG:25832' parameters: CS_NAME=`ETRS89.UTM-32N' DESC_NM=`Transverse Mercator (ETRS89-TM32)' DT_NAME=`ETRS89/01' GROUP=`UTMN' MAP_SCL=`1' MAX_LAT=`66.45' MAX_LNG=`12.8666666666667' MIN_LAT=`57.1166666666667' MIN_LNG=`4.18333333333333' PARM1=`9' PROJ=`TM' QUAD=`1' SCL_RED=`0.9996' SOURCE=`EPSG, V6.3, 25832 [Large and medium scale topographic mappi]' UNIT=`Meter' X_OFF=`500000' Y_OFF=`0.0' ZERO_X=`0.0001' ZERO_Y=`0.0001' 
2014-08-29 15:52:37|  16.3|  2.5|INFORM|Logger_3: Feature is:
2014-08-29 15:52:37|  16.3|  0.0|INFORM|+++++++++++++++++++++++++++++++++++++++++++++++++++++++++++++++++++++++++++
2014-08-29 15:52:37|  16.3|  0.0|INFORM|Feature Type: `Logger_3_LOGGED'
2014-08-29 15:52:37|  16.3|  0.0|INFORM|Attribute(encoded: utf-16): `Category' has value `Projektion'
2014-08-29 15:52:37|  16.3|  0.0|INFORM|Attribute(encoded: utf-16): `CategoryDomain' has value `http://www.opengis.net/def/crs/'
2014-08-29 15:52:37|  16.3|  0.0|INFORM|Attribute(encoded: utf-16): `CategoryLabel' has value `EPSG:25832'
2014-08-29 15:52:37|  16.3|  0.0|INFORM|Attribute(encoded: utf-16): `Category{0}.Category' has value `Projektion'
2014-08-29 15:52:37|  16.3|  0.0|INFORM|Attribute(encoded: utf-16): `Category{0}.Domain' has value `http://www.opengis.net/def/crs/'
2014-08-29 15:52:37|  16.3|  0.0|INFORM|Attribute(encoded: utf-16): `Category{0}.Label' has value `EPSG:25832'
2014-08-29 15:52:37|  16.3|  0.0|INFORM|Attribute(encoded: utf-16): `Category{1}.Category' has value `Format'
2014-08-29 15:52:37|  16.3|  0.0|INFORM|Attribute(encoded: utf-16): `Category{1}.Domain' has value `'
2014-08-29 15:52:37|  16.3|  0.0|INFORM|Attribute(encoded: utf-16): `Category{1}.Label' has value `GML 3.1.1'
2014-08-29 15:52:37|  16.3|  0.0|INFORM|Attribute(encoded: utf-16): `Category{2}.Category' has value `Admkode'
2014-08-29 15:52:37|  16.3|  0.0|INFORM|Attribute(encoded: utf-16): `Category{2}.Domain' has value `'
2014-08-29 15:52:37|  16.3|  0.0|INFORM|Attribute(encoded: utf-16): `Category{2}.Label' has value `2002855'
2014-08-29 15:52:37|  16.3|  0.0|INFORM|Attribute(encoded: utf-16): `Id' has value `ftp://ftp.kortforsyningen.dk/atomfeeds/MATRIKELKORT/ATOM/GML/2002855_GML_UTM32-EUREF89.zip'
2014-08-29 15:52:37|  16.3|  0.0|INFORM|Attribute(encoded: utf-16): `LastUpdate' has value `2014-08-28T08:18:55+01:00'
2014-08-29 15:52:37|  16.3|  0.0|INFORM|Attribute(encoded: utf-16): `LinkRelation' has value `alternate'
2014-08-29 15:52:37|  16.3|  0.0|INFORM|Attribute(encoded: utf-16): `LinkTitle' has value `Det digitale Matrikelkort: Krukholm, Nakskov Jorder'
2014-08-29 15:52:37|  16.3|  0.0|INFORM|Attribute(encoded: utf-16): `LinkType' has value `application/zip'
2014-08-29 15:52:37|  16.3|  0.0|INFORM|Attribute(encoded: utf-8) : `LinkURI' has value `ftp://atomfeed:atomfe3d@ftp.kortforsyningen.dk/atomfeeds/MATRIKELKORT/ATOM/GML/2002855_GML_UTM32-EUREF89.zip'
2014-08-29 15:52:37|  16.3|  0.0|INFORM|Attribute(encoded: utf-16): `Link{0}.Relation' has value `alternate'
2014-08-29 15:52:37|  16.3|  0.0|INFORM|Attribute(encoded: utf-16): `Link{0}.Title' has value `Det digitale Matrikelkort: Krukholm, Nakskov Jorder'
2014-08-29 15:52:37|  16.3|  0.0|INFORM|Attribute(encoded: utf-16): `Link{0}.Type' has value `application/zip'
2014-08-29 15:52:37|  16.3|  0.0|INFORM|Attribute(encoded: utf-16): `Link{0}.URI' has value `ftp://ftp.kortforsyningen.dk/atomfeeds/MATRIKELKORT/ATOM/GML/2002855_GML_UTM32-EUREF89.zip'
2014-08-29 15:52:37|  16.3|  0.0|INFORM|Attribute(encoded: utf-16): `PublishedDate' has value `2014-08-29T02:26:58+01:00'
2014-08-29 15:52:37|  16.3|  0.0|INFORM|Attribute(encoded: utf-8) : `Summary' has value `Ejerlav: Krukholm, Nakskov Jorder (2002855)  Format: GML 3.1.1 Projektion: Utm zone 32, etrs89 (EPSG:25832) Udtrukket: 2014-08-28T08:18:55+01:00'
2014-08-29 15:52:37|  16.3|  0.0|INFORM|Attribute(encoded: utf-16): `SummaryType' has value `text'
2014-08-29 15:52:37|  16.3|  0.0|INFORM|Attribute(encoded: utf-8) : `Title' has value `Det digitale Matrikelkort: Krukholm, Nakskov Jorder'
2014-08-29 15:52:37|  16.3|  0.0|INFORM|Attribute(string)         : `TitleType' has value `text'
2014-08-29 15:52:37|  16.3|  0.0|INFORM|Attribute(string)         : `_http_status_code' has value `'
2014-08-29 15:52:37|  16.3|  0.0|INFORM|Attribute(string)         : `_result' has value `'
2014-08-29 15:52:37|  16.3|  0.0|INFORM|Attribute(string)         : `_url_contents' has value `D:\MyFme\2SAFE\AtomTest\FMEFeedReader\data\tempData.zip'
2014-08-29 15:52:37|  16.3|  0.0|INFORM|Attribute(string)         : `fme_basename' has value `MATRIKELKORT_GML'
2014-08-29 15:52:37|  16.3|  0.0|INFORM|Attribute(string)         : `fme_dataset' has value `http://download.kortforsyningen.dk/sites/default/files/feeds/MATRIKELKORT_GML.xml'
2014-08-29 15:52:37|  16.3|  0.0|INFORM|Attribute(string)         : `fme_feature_type' has value `Entry'
2014-08-29 15:52:37|  16.3|  0.0|INFORM|Attribute(string)         : `fme_geometry' has value `fme_polygon'
2014-08-29 15:52:37|  16.3|  0.0|INFORM|Attribute(string)         : `fme_type' has value `fme_area'
2014-08-29 15:52:37|  16.3|  0.0|INFORM|Attribute(string)         : `georss_type' has value `georss_area'
2014-08-29 15:52:37|  16.3|  0.0|INFORM|Attribute: `Link{0}.Relation' is sequenced
2014-08-29 15:52:37|  16.3|  0.0|INFORM|Attribute: `Link{0}.URI' is sequenced
2014-08-29 15:52:37|  16.3|  0.0|INFORM|Attribute: `Link{0}.Type' is sequenced
2014-08-29 15:52:37|  16.3|  0.0|INFORM|Attribute: `Link{0}.Title' is sequenced
2014-08-29 15:52:37|  16.3|  0.0|INFORM|Attribute: `Category{0}.Category' is sequenced
2014-08-29 15:52:37|  16.3|  0.0|INFORM|Attribute: `Category{1}.Category' is sequenced
2014-08-29 15:52:37|  16.3|  0.0|INFORM|Attribute: `Category{2}.Category' is sequenced
2014-08-29 15:52:37|  16.3|  0.0|INFORM|Attribute: `Category{0}.Label' is sequenced
2014-08-29 15:52:37|  16.3|  0.0|INFORM|Attribute: `Category{1}.Label' is sequenced
2014-08-29 15:52:37|  16.3|  0.0|INFORM|Attribute: `Category{2}.Label' is sequenced
2014-08-29 15:52:37|  16.3|  0.0|INFORM|Attribute: `Category{0}.Domain' is sequenced
2014-08-29 15:52:37|  16.3|  0.0|INFORM|Attribute: `Category{1}.Domain' is sequenced
2014-08-29 15:52:37|  16.3|  0.0|INFORM|Attribute: `Category{2}.Domain' is sequenced
2014-08-29 15:52:37|  16.3|  0.0|INFORM|Coordinate System: `EPSG:25832'
2014-08-29 15:52:37|  16.3|  0.0|INFORM|Geometry Type: IFMEPolygon
2014-08-29 15:52:37|  16.3|  0.0|INFORM|Boundary:
2014-08-29 15:52:37|  16.3|  0.0|INFORM|   Geometry Type: IFMELine
2014-08-29 15:52:37|  16.3|  0.0|INFORM|   Number of Coordinates: 5 -- Coordinate Dimension: 2
2014-08-29 15:52:37|  16.3|  0.0|INFORM|   (638366,6076799)(639720,6076799)(639720,6078615)(638366,6078615)(638366,6076799)
2014-08-29 15:52:37|  16.3|  0.0|INFORM|===========================================================================
2014-08-29 15:52:37|  16.3|  0.0|INFORM|SpatialFilter(SpatialFilterFactory): Processed 'Candidate' 3 / 55
2014-08-29 15:52:37|  16.3|  0.0|INFORM|SpatialFilter(SpatialFilterFactory): Processed 'Candidate' 55 / 55
2014-08-29 15:52:37|  16.3|  0.0|STATS |SpatialFilter(SpatialFilterFactory): Total: Processed 58 input feature(s): 3 'Filter' feature(s) and 55 'Candidate' feature(s). 0 feature(s) PASSED
2014-08-29 15:52:37|  16.3|  0.0|STATS |SpatialFilter_PASSED Feature Counter -1 36(TeeFactory): Cloned 24 input feature(s) into 24 output feature(s)
2014-08-29 15:52:37|  16.3|  0.0|STATS |SpatialFilter_FAILED Feature Counter -1 100(TeeFactory): Cloned 31 input feature(s) into 31 output feature(s)
2014-08-29 15:52:37|  16.3|  0.0|STATS |Sampler(SamplingFactory): Sampled 1 of 31 feature(s)
2014-08-29 15:52:37|  16.3|  0.0|STATS |Sampler_Sampled(TeeFactory): Cloned 1 input feature(s) into 1 output feature(s)
2014-08-29 15:52:37|  16.3|  0.0|STATS |Sampler_SAMPLED Feature Counter -1 62(TeeFactory): Cloned 1 input feature(s) into 1 output feature(s)
2014-08-29 15:52:37|  16.3|  0.0|STATS |TclCaller_4(TeeFactory): Cloned 1 input feature(s) into 1 output feature(s)
2014-08-29 15:52:37|  16.3|  0.0|STATS |TclCaller_4_OUTPUT Feature Counter -1 64(TeeFactory): Cloned 1 input feature(s) into 1 output feature(s)
2014-08-29 15:52:37|  16.3|  0.0|STATS |HTTPFetcher_2_OUTPUT Feature Counter -1 70(TeeFactory): Cloned 1 input feature(s) into 1 output feature(s)
2014-08-29 15:52:37|  16.3|  0.0|STATS |HTTPFetcher_2_<REJECTED> Feature Counter -1 71(TeeFactory): Cloned 0 input feature(s) into 0 output feature(s)
2014-08-29 15:52:37|  16.3|  0.0|STATS |Logger__REJECTED__Logger(TeeFactory): Cloned 0 input feature(s) into 0 output feature(s)
2014-08-29 15:52:37|  16.3|  0.0|STATS |Logger__REJECTED_ LOGGED Output Nuker(TeeFactory): Cloned 0 input feature(s) into 0 output feature(s)
2014-08-29 15:52:37|  16.3|  0.0|STATS |TclCaller_3(TeeFactory): Cloned 1 input feature(s) into 1 output feature(s)
2014-08-29 15:52:37|  16.3|  0.0|STATS |TclCaller_3 OUTPUT Splitter(TeeFactory): Cloned 1 input feature(s) into 2 output feature(s)
2014-08-29 15:52:37|  16.3|  0.0|STATS |TclCaller_3_OUTPUT_0_sU5kzypT/CE= Feature Counter -1 77(TeeFactory): Cloned 1 input feature(s) into 1 output feature(s)
2014-08-29 15:52:37|  16.3|  0.0|STATS |TclCaller_3_OUTPUT_1_sU5kzypT/CE= Feature Counter -1 72(TeeFactory): Cloned 1 input feature(s) into 1 output feature(s)
2014-08-29 15:52:37|  16.3|  0.0|STATS |Logger_3_Logger(TeeFactory): Cloned 1 input feature(s) into 1 output feature(s)
2014-08-29 15:52:37|  16.3|  0.0|STATS |Logger_3 LOGGED Output Nuker(TeeFactory): Cloned 1 input feature(s) into 0 output feature(s)
2014-08-29 15:52:37|  16.3|  0.0|STATS |FeatureReader_2_GeometryRemover(TeeFactory): Cloned 1 input feature(s) into 1 output feature(s)
2014-08-29 15:52:37|  16.3|  0.0|STATS |FeatureReader_2 <OTHER> Output Nuker(TeeFactory): Cloned 0 input feature(s) into 0 output feature(s)
2014-08-29 15:52:37|  16.3|  0.0|STATS |FeatureReader_2 INITIATOR Output Nuker(TeeFactory): Cloned 1 input feature(s) into 0 output feature(s)
2014-08-29 15:52:37|  16.3|  0.0|STATS |FeatureReader_2_Centroide Feature Counter -1 75(TeeFactory): Cloned 421 input feature(s) into 421 output feature(s)
2014-08-29 15:52:37|  16.3|  0.0|STATS |FeatureReader_2_Ejerlav Feature Counter -1 76(TeeFactory): Cloned 1 input feature(s) into 1 output feature(s)
2014-08-29 15:52:37|  16.3|  0.0|STATS |FeatureReader_2_Fredskov Feature Counter -1 78(TeeFactory): Cloned 3 input feature(s) into 3 output feature(s)
2014-08-29 15:52:37|  16.3|  0.0|STATS |FeatureReader_2_FredskovLinie Feature Counter -1 79(TeeFactory): Cloned 63 input feature(s) into 63 output feature(s)
2014-08-29 15:52:37|  16.3|  0.0|STATS |FeatureReader_2_Jordrente Feature Counter -1 80(TeeFactory): Cloned 0 input feature(s) into 0 output feature(s)
2014-08-29 15:52:37|  16.3|  0.0|STATS |FeatureReader_2_Jordstykke Feature Counter -1 81(TeeFactory): Cloned 421 input feature(s) into 421 output feature(s)
2014-08-29 15:52:37|  16.3|  0.0|STATS |FeatureReader_2_Klitfredning Feature Counter -1 82(TeeFactory): Cloned 0 input feature(s) into 0 output feature(s)
2014-08-29 15:52:37|  16.3|  0.0|STATS |FeatureReader_2_KlitfredningLinie Feature Counter -1 83(TeeFactory): Cloned 0 input feature(s) into 0 output feature(s)
2014-08-29 15:52:37|  16.3|  0.0|STATS |FeatureReader_2_MajoratSkov Feature Counter -1 84(TeeFactory): Cloned 0 input feature(s) into 0 output feature(s)
2014-08-29 15:52:37|  16.3|  0.0|STATS |FeatureReader_2_MatrikelSkel Feature Counter -1 85(TeeFactory): Cloned 1970 input feature(s) into 1970 output feature(s)
2014-08-29 15:52:37|  16.3|  0.0|STATS |FeatureReader_2_MatrikelSkel Disabled Nuker -1 85(TeeFactory): Cloned 1970 input feature(s) into 0 output feature(s)
2014-08-29 15:52:37|  16.3|  0.0|STATS |FeatureReader_2_OptagetVej Feature Counter -1 86(TeeFactory): Cloned 38 input feature(s) into 38 output feature(s)
2014-08-29 15:52:37|  16.3|  0.0|STATS |FeatureReader_2_SkelPunkt Feature Counter -1 87(TeeFactory): Cloned 1551 input feature(s) into 1551 output feature(s)
2014-08-29 15:52:37|  16.3|  0.0|STATS |FeatureReader_2_SkelPunkt Disabled Nuker -1 87(TeeFactory): Cloned 1551 input feature(s) into 0 output feature(s)
2014-08-29 15:52:37|  16.3|  0.0|STATS |FeatureReader_2_Stormfald Feature Counter -1 88(TeeFactory): Cloned 0 input feature(s) into 0 output feature(s)
2014-08-29 15:52:37|  16.3|  0.0|STATS |FeatureReader_2_Strandbeskyttelse Feature Counter -1 89(TeeFactory): Cloned 0 input feature(s) into 0 output feature(s)
2014-08-29 15:52:37|  16.3|  0.0|STATS |FeatureReader_2_StrandbeskyttelseLinie Feature Counter -1 90(TeeFactory): Cloned 0 input feature(s) into 0 output feature(s)
2014-08-29 15:52:37|  16.3|  0.0|STATS |DataLaest_DirCreator(CreationFactory): Created 1 features
2014-08-29 15:52:37|  16.3|  0.0|STATS |DataLaest_DirCreatorCleanerUpper(TeeFactory): Cloned 1 input feature(s) into 0 output feature(s)
2014-08-29 15:52:37|  16.3|  0.0|STATS |DataLaest_FeatureDirector(TestFactory): Tested 947 input feature(s) -- 0 feature(s) passed and 947 feature(s) failed
2014-08-29 15:52:37|  16.3|  0.0|STATS |DataLaest___FeatureDirector1(TestFactory): Tested 947 input feature(s) -- 0 feature(s) passed and 947 feature(s) failed
2014-08-29 15:52:37|  16.3|  0.0|STATS |DataLaest_VectorSetterUpper(TeeFactory): Cloned 947 input feature(s) into 947 output feature(s)
2014-08-29 15:52:37|  16.3|  0.0|STATS |DataLaest___PointCloudThinner(TeeFactory): Cloned 0 input feature(s) into 0 output feature(s)
2014-08-29 15:52:37|  16.3|  0.0|STATS |DataLaest_RasterSetterUpper(TeeFactory): Cloned 0 input feature(s) into 0 output feature(s)
2014-08-29 15:52:37|  16.3|  0.0|INFORM|DataLaest_Recorder(RecorderFactory): Recorded 947 feature(s) to file `C:\Tmp\atomMinimaksGeom_155212\inspector.ffs'
2014-08-29 15:52:37|  16.3|  0.0|STATS |Fundet_DirCreator(CreationFactory): Created 1 features
2014-08-29 15:52:37|  16.3|  0.0|STATS |Fundet_DirCreatorCleanerUpper(TeeFactory): Cloned 1 input feature(s) into 0 output feature(s)
2014-08-29 15:52:37|  16.3|  0.0|STATS |Fundet_FeatureDirector(TestFactory): Tested 24 input feature(s) -- 0 feature(s) passed and 24 feature(s) failed
2014-08-29 15:52:37|  16.3|  0.0|STATS |Fundet___FeatureDirector1(TestFactory): Tested 24 input feature(s) -- 0 feature(s) passed and 24 feature(s) failed
2014-08-29 15:52:37|  16.3|  0.0|STATS |Fundet_VectorSetterUpper(TeeFactory): Cloned 24 input feature(s) into 24 output feature(s)
2014-08-29 15:52:37|  16.3|  0.0|STATS |Fundet___PointCloudThinner(TeeFactory): Cloned 0 input feature(s) into 0 output feature(s)
2014-08-29 15:52:37|  16.3|  0.0|STATS |Fundet_RasterSetterUpper(TeeFactory): Cloned 0 input feature(s) into 0 output feature(s)
2014-08-29 15:52:37|  16.3|  0.0|INFORM|Fundet_Recorder(RecorderFactory): Recorded 24 feature(s) to file `C:\Tmp\atomMinimaksGeom_155212\inspector.ffs'
2014-08-29 15:52:37|  16.3|  0.0|STATS |Logger_Logger(TeeFactory): Cloned 1 input feature(s) into 1 output feature(s)
2014-08-29 15:52:37|  16.3|  0.0|STATS |Logger_LOGGED Feature Counter -1 96(TeeFactory): Cloned 1 input feature(s) into 1 output feature(s)
2014-08-29 15:52:37|  16.3|  0.0|STATS |AttributeRenamer(TeeFactory): Cloned 1 input feature(s) into 1 output feature(s)
2014-08-29 15:52:37|  16.3|  0.0|STATS |AttributeRenamer_OUTPUT Feature Counter -1 98(TeeFactory): Cloned 1 input feature(s) into 1 output feature(s)
2014-08-29 15:52:37|  16.3|  0.0|STATS |xxxFeed_DirCreator(CreationFactory): Created 1 features
2014-08-29 15:52:37|  16.3|  0.0|STATS |xxxFeed_DirCreatorCleanerUpper(TeeFactory): Cloned 1 input feature(s) into 0 output feature(s)
2014-08-29 15:52:37|  16.3|  0.0|STATS |xxxFeed_FeatureDirector(TestFactory): Tested 1 input feature(s) -- 0 feature(s) passed and 1 feature(s) failed
2014-08-29 15:52:37|  16.3|  0.0|STATS |xxxFeed___FeatureDirector1(TestFactory): Tested 1 input feature(s) -- 0 feature(s) passed and 1 feature(s) failed
2014-08-29 15:52:37|  16.3|  0.0|STATS |xxxFeed_VectorSetterUpper(TeeFactory): Cloned 1 input feature(s) into 1 output feature(s)
2014-08-29 15:52:37|  16.3|  0.0|STATS |xxxFeed___PointCloudThinner(TeeFactory): Cloned 0 input feature(s) into 0 output feature(s)
2014-08-29 15:52:37|  16.3|  0.0|STATS |xxxFeed_RasterSetterUpper(TeeFactory): Cloned 0 input feature(s) into 0 output feature(s)
2014-08-29 15:52:37|  16.3|  0.0|STATS |Stored 10063 feature(s) to FME feature store file `C:\Tmp\atomMinimaksGeom_155212\inspector.ffs'
2014-08-29 15:52:37|  16.3|  0.0|INFORM|Saving spatial index into file 'C:\Tmp\atomMinimaksGeom_155212\inspector.fsi'
2014-08-29 15:52:37|  16.4|  0.0|INFORM|Finished saving spatial index into file 'C:\Tmp\atomMinimaksGeom_155212\inspector.fsi'
2014-08-29 15:52:37|  16.4|  0.0|STATS |Stored 6 feature(s) to FME feature store file `C:\Tmp\atomMinimaksGeom_155212\inspector.fsc'
2014-08-29 15:52:37|  16.4|  0.0|INFORM|xxxFeed_Recorder(RecorderFactory): Recorded 1 feature(s) to file `C:\Tmp\atomMinimaksGeom_155212\inspector.ffs'
2014-08-29 15:52:37|  16.4|  0.0|STATS |AttributeRenamer_OUTPUT -> text_line Correlator(TeeFactory): Cloned 1 input feature(s) into 0 output feature(s)
2014-08-29 15:52:37|  16.4|  0.0|STATS |Final Output Feature Type Router(TestFactory): Tested 0 input feature(s) -- 0 feature(s) passed and 0 feature(s) failed
2014-08-29 15:52:37|  16.4|  0.0|STATS |Final Output Nuker(TeeFactory): Cloned 0 input feature(s) into 0 output feature(s)
2014-08-29 15:52:37|  16.4|  0.0|STATS |f_118(CreationFactory): Created 1 features
2014-08-29 15:52:37|  16.4|  0.0|STATS |f_119(TeeFactory): Cloned 1 input feature(s) into 0 output feature(s)
2014-08-29 15:52:37|  16.4|  0.0|STATS |=-=-=-=-=-=-=-=-=-=-=-=-=-=-=-=-=-=-=-=-=-=-=-=-=-=-=-=-=-=-=-=-=-=-=-=-=-=-=-
2014-08-29 15:52:37|  16.4|  0.0|STATS |                            Features Read Summary
2014-08-29 15:52:37|  16.4|  0.0|STATS |=-=-=-=-=-=-=-=-=-=-=-=-=-=-=-=-=-=-=-=-=-=-=-=-=-=-=-=-=-=-=-=-=-=-=-=-=-=-=-
2014-08-29 15:52:37|  16.4|  0.0|STATS |Entry                                                                     9033
2014-08-29 15:52:37|  16.4|  0.0|STATS |Feed                                                                         1
2014-08-29 15:52:37|  16.4|  0.0|STATS |==============================================================================
2014-08-29 15:52:37|  16.4|  0.0|STATS |Total Features Read                                                       9034
2014-08-29 15:52:37|  16.4|  0.0|STATS |=-=-=-=-=-=-=-=-=-=-=-=-=-=-=-=-=-=-=-=-=-=-=-=-=-=-=-=-=-=-=-=-=-=-=-=-=-=-=-
2014-08-29 15:52:37|  16.4|  0.0|STATS |=-=-=-=-=-=-=-=-=-=-=-=-=-=-=-=-=-=-=-=-=-=-=-=-=-=-=-=-=-=-=-=-=-=-=-=-=-=-=-
2014-08-29 15:52:37|  16.4|  0.0|STATS |                           Features Written Summary
2014-08-29 15:52:37|  16.4|  0.0|STATS |=-=-=-=-=-=-=-=-=-=-=-=-=-=-=-=-=-=-=-=-=-=-=-=-=-=-=-=-=-=-=-=-=-=-=-=-=-=-=-
2014-08-29 15:52:37|  16.4|  0.0|STATS |==============================================================================
2014-08-29 15:52:37|  16.4|  0.0|STATS |Total Features Written                                                       0
2014-08-29 15:52:37|  16.4|  0.0|STATS |=-=-=-=-=-=-=-=-=-=-=-=-=-=-=-=-=-=-=-=-=-=-=-=-=-=-=-=-=-=-=-=-=-=-=-=-=-=-=-
2014-08-29 15:52:37|  16.4|  0.0|INFORM|Closing the GeoRSS reader
2014-08-29 15:52:37|  16.4|  0.0|INFORM|Translation was SUCCESSFUL with 0 warning(s) (0 feature(s) output)
2014-08-29 15:52:37|  16.4|  0.0|INFORM|FME Session Duration: 24.8 seconds. (CPU: 15.7s user, 0.5s system)
2014-08-29 15:52:37|  16.4|  0.0|INFORM|END - ProcessID: 8804, peak process memory usage: 272600 kB, current process memory usage: 198748 kB
